[0mCompiling "resources/public/js/compiled/app.js" from ["src" "test"]...[0m
[31mFailed to compile "resources/public/js/compiled/app.js" in 0.312 seconds.[0m
[36m----  Could not Analyze    ----[0m

  [1mNo such namespace: re-frame-web3-fx, could not locate re_frame_web3_fx.cljs, re_frame_web3_fx.cljc, or Closure namespace "re-frame-web3-fx"[0m

[36m----  Analysis Error  ----[0m
[0mCompiling "resources/public/js/compiled/app.js" from ["src" "test"]...[0m
[31mFailed to compile "resources/public/js/compiled/app.js" in 0.244 seconds.[0m
[36m----  Could not Analyze    ----[0m

  [1mNo such namespace: re-frame-web3-fx, could not locate re_frame_web3_fx.cljs, re_frame_web3_fx.cljc, or Closure namespace "re-frame-web3-fx"[0m

[36m----  Analysis Error  ----[0m
[0mCompiling "resources/public/js/compiled/app.js" from ["src" "test"]...[0m
[31mFailed to compile "resources/public/js/compiled/app.js" in 0.168 seconds.[0m
[36m----  Could not Analyze    ----[0m

  [1mNo such namespace: re-frame-web3-fx, could not locate re_frame_web3_fx.cljs, re_frame_web3_fx.cljc, or Closure namespace "re-frame-web3-fx"[0m

[36m----  Analysis Error  ----[0m
[0mCompiling "resources/public/js/compiled/app.js" from ["src" "test"]...[0m
[31mFailed to compile "resources/public/js/compiled/app.js" in 0.257 seconds.[0m
[36m----  Could not Analyze    ----[0m

  [1mNo such namespace: re-frame-web3-fx, could not locate re_frame_web3_fx.cljs, re_frame_web3_fx.cljc, or Closure namespace "re-frame-web3-fx"[0m

[36m----  Analysis Error  ----[0m
[0mCompiling "resources/public/js/compiled/app.js" from ["src" "test"]...[0m
[31mFailed to compile "resources/public/js/compiled/app.js" in 0.265 seconds.[0m
[36m----  Could not Analyze    ----[0m

  [1mNo such namespace: re-frame-web3-fx, could not locate re_frame_web3_fx.cljs, re_frame_web3_fx.cljc, or Closure namespace "re-frame-web3-fx"[0m

[36m----  Analysis Error  ----[0m
[0mCompiling "resources/public/js/compiled/app.js" from ["src" "test"]...[0m
[31mFailed to compile "resources/public/js/compiled/app.js" in 0.231 seconds.[0m
[36m----  Could not Analyze    ----[0m

  [1mNo such namespace: re-frame-web3-fx, could not locate re_frame_web3_fx.cljs, re_frame_web3_fx.cljc, or Closure namespace "re-frame-web3-fx"[0m

[36m----  Analysis Error  ----[0m
[0mCompiling "resources/public/js/compiled/app.js" from ["src" "test"]...[0m
[31mFailed to compile "resources/public/js/compiled/app.js" in 0.164 seconds.[0m
[36m----  Could not Analyze    ----[0m

  [1mNo such namespace: re-frame-web3-fx, could not locate re_frame_web3_fx.cljs, re_frame_web3_fx.cljc, or Closure namespace "re-frame-web3-fx"[0m

[36m----  Analysis Error  ----[0m
[0mCompiling "resources/public/js/compiled/app.js" from ["src" "test"]...[0m
[31mFailed to compile "resources/public/js/compiled/app.js" in 0.239 seconds.[0m
[36m----  Could not Analyze    ----[0m

  [1mNo such namespace: re-frame-web3-fx, could not locate re_frame_web3_fx.cljs, re_frame_web3_fx.cljc, or Closure namespace "re-frame-web3-fx"[0m

[36m----  Analysis Error  ----[0m
[0mCompiling "resources/public/js/compiled/app.js" from ["src" "test"]...[0m
[31mFailed to compile "resources/public/js/compiled/app.js" in 0.175 seconds.[0m
[36m----  Could not Analyze    ----[0m

  [1mNo such namespace: re-frame-web3-fx, could not locate re_frame_web3_fx.cljs, re_frame_web3_fx.cljc, or Closure namespace "re-frame-web3-fx"[0m

[36m----  Analysis Error  ----[0m
[0mCompiling "resources/public/js/compiled/app.js" from ["src" "test"]...[0m
[32mSuccessfully compiled "resources/public/js/compiled/app.js" in 4.932 seconds.[0m
notifying browser that file changed:  resources/public/js/compiled/out/goog/deps.js
notifying browser that file changed:  resources/public/js/compiled/out/cljs_deps.js
notifying browser that file changed:  out/madvas/re_frame/tests.js
[0mCompiling "resources/public/js/compiled/app.js" from ["src" "test"]...[0m
[32mSuccessfully compiled "resources/public/js/compiled/app.js" in 0.526 seconds.[0m
notifying browser that file changed:  resources/public/js/compiled/out/goog/deps.js
notifying browser that file changed:  resources/public/js/compiled/out/cljs_deps.js
notifying browser that file changed:  out/madvas/re_frame/tests.js
[0mCompiling "resources/public/js/compiled/app.js" from ["src" "test"]...[0m
[32mSuccessfully compiled "resources/public/js/compiled/app.js" in 0.465 seconds.[0m
notifying browser that file changed:  resources/public/js/compiled/out/cljs_deps.js
notifying browser that file changed:  out/madvas/re_frame/tests.js
[0mCompiling "resources/public/js/compiled/app.js" from ["src" "test"]...[0m
[32mSuccessfully compiled "resources/public/js/compiled/app.js" in 0.443 seconds.[0m
notifying browser that file changed:  resources/public/js/compiled/out/cljs_deps.js
notifying browser that file changed:  out/madvas/re_frame/tests.js
[0mCompiling "resources/public/js/compiled/app.js" from ["src" "test"]...[0m
[32mSuccessfully compiled "resources/public/js/compiled/app.js" in 0.296 seconds.[0m
[0mCompiling "resources/public/js/compiled/app.js" from ["src" "test"]...[0m
[32mSuccessfully compiled "resources/public/js/compiled/app.js" in 0.303 seconds.[0m
[0mCompiling "resources/public/js/compiled/app.js" from ["src" "test"]...[0m
[32mSuccessfully compiled "resources/public/js/compiled/app.js" in 0.442 seconds.[0m
[0mCompiling "resources/public/js/compiled/app.js" from ["src" "test"]...[0m
[32mSuccessfully compiled "resources/public/js/compiled/app.js" in 0.285 seconds.[0m
[0mCompiling "resources/public/js/compiled/app.js" from ["src" "test"]...[0m
[32mSuccessfully compiled "resources/public/js/compiled/app.js" in 0.293 seconds.[0m
[0mCompiling "resources/public/js/compiled/app.js" from ["src" "test"]...[0m
[32mSuccessfully compiled "resources/public/js/compiled/app.js" in 0.319 seconds.[0m
notifying browser that file changed:  resources/public/js/compiled/out/cljs_deps.js
notifying browser that file changed:  out/madvas/re_frame/tests.js
[0mCompiling "resources/public/js/compiled/app.js" from ["src" "test"]...[0m
[32mSuccessfully compiled "resources/public/js/compiled/app.js" in 0.346 seconds.[0m
notifying browser that file changed:  resources/public/js/compiled/out/cljs_deps.js
notifying browser that file changed:  out/madvas/re_frame/tests.js
[0mCompiling "resources/public/js/compiled/app.js" from ["src" "test"]...[0m
[32mSuccessfully compiled "resources/public/js/compiled/app.js" in 0.581 seconds.[0m
notifying browser that file changed:  resources/public/js/compiled/out/cljs_deps.js
notifying browser that file changed:  out/madvas/re_frame/tests.js
[0mCompiling "resources/public/js/compiled/app.js" from ["src" "test"]...[0m
[32mSuccessfully compiled "resources/public/js/compiled/app.js" in 0.563 seconds.[0m
notifying browser that file changed:  resources/public/js/compiled/out/cljs_deps.js
notifying browser that file changed:  out/madvas/re_frame/tests.js
[0mCompiling "resources/public/js/compiled/app.js" from ["src" "test"]...[0m
[32mSuccessfully compiled "resources/public/js/compiled/app.js" in 0.62 seconds.[0m
notifying browser that file changed:  resources/public/js/compiled/out/cljs_deps.js
notifying browser that file changed:  out/madvas/re_frame/tests.js
[0mCompiling "resources/public/js/compiled/app.js" from ["src" "test"]...[0m
[32mSuccessfully compiled "resources/public/js/compiled/app.js" in 0.68 seconds.[0m
notifying browser that file changed:  resources/public/js/compiled/out/cljs_deps.js
notifying browser that file changed:  out/madvas/re_frame/tests.js
[0mCompiling "resources/public/js/compiled/app.js" from ["src" "test"]...[0m
[32mSuccessfully compiled "resources/public/js/compiled/app.js" in 1.364 seconds.[0m
notifying browser that file changed:  resources/public/js/compiled/out/cljs_deps.js
notifying browser that file changed:  out/madvas/re_frame/web3_fx.js
[0mCompiling "resources/public/js/compiled/app.js" from ["src" "test"]...[0m
[32mSuccessfully compiled "resources/public/js/compiled/app.js" in 1.24 seconds.[0m
notifying browser that file changed:  resources/public/js/compiled/out/cljs_deps.js
notifying browser that file changed:  out/madvas/re_frame/tests.js
[0mCompiling "resources/public/js/compiled/app.js" from ["src" "test"]...[0m
[32mSuccessfully compiled "resources/public/js/compiled/app.js" in 0.578 seconds.[0m
notifying browser that file changed:  resources/public/js/compiled/out/cljs_deps.js
notifying browser that file changed:  out/madvas/re_frame/tests.js
[0mCompiling "resources/public/js/compiled/app.js" from ["src" "test"]...[0m
[32mSuccessfully compiled "resources/public/js/compiled/app.js" in 0.626 seconds.[0m
notifying browser that file changed:  resources/public/js/compiled/out/cljs_deps.js
notifying browser that file changed:  out/madvas/re_frame/tests.js
[0mCompiling "resources/public/js/compiled/app.js" from ["src" "test"]...[0m
[32mSuccessfully compiled "resources/public/js/compiled/app.js" in 0.601 seconds.[0m
notifying browser that file changed:  resources/public/js/compiled/out/cljs_deps.js
notifying browser that file changed:  out/madvas/re_frame/tests.js
[0mCompiling "resources/public/js/compiled/app.js" from ["src" "test"]...[0m
[32mSuccessfully compiled "resources/public/js/compiled/app.js" in 0.622 seconds.[0m
notifying browser that file changed:  resources/public/js/compiled/out/cljs_deps.js
notifying browser that file changed:  out/madvas/re_frame/tests.js
[0mCompiling "resources/public/js/compiled/app.js" from ["src" "test"]...[0m
[32mSuccessfully compiled "resources/public/js/compiled/app.js" in 0.68 seconds.[0m
notifying browser that file changed:  resources/public/js/compiled/out/cljs_deps.js
notifying browser that file changed:  out/madvas/re_frame/tests.js
[0mCompiling "resources/public/js/compiled/app.js" from ["src" "test"]...[0m
[32mSuccessfully compiled "resources/public/js/compiled/app.js" in 0.503 seconds.[0m
notifying browser that file changed:  resources/public/js/compiled/out/cljs_deps.js
notifying browser that file changed:  out/madvas/re_frame/tests.js
[0mCompiling "resources/public/js/compiled/app.js" from ["src" "test"]...[0m
[32mSuccessfully compiled "resources/public/js/compiled/app.js" in 0.616 seconds.[0m
notifying browser that file changed:  resources/public/js/compiled/out/cljs_deps.js
notifying browser that file changed:  out/madvas/re_frame/tests.js
[0mCompiling "resources/public/js/compiled/app.js" from ["src" "test"]...[0m
[32mSuccessfully compiled "resources/public/js/compiled/app.js" in 0.66 seconds.[0m
notifying browser that file changed:  resources/public/js/compiled/out/cljs_deps.js
notifying browser that file changed:  out/madvas/re_frame/tests.js
[0mCompiling "resources/public/js/compiled/app.js" from ["src" "test"]...[0m
[32mSuccessfully compiled "resources/public/js/compiled/app.js" in 0.551 seconds.[0m
notifying browser that file changed:  resources/public/js/compiled/out/cljs_deps.js
notifying browser that file changed:  out/madvas/re_frame/tests.js
[0mCompiling "resources/public/js/compiled/app.js" from ["src" "test"]...[0m
[32mSuccessfully compiled "resources/public/js/compiled/app.js" in 0.934 seconds.[0m
notifying browser that file changed:  resources/public/js/compiled/out/cljs_deps.js
notifying browser that file changed:  out/madvas/re_frame/web3_fx.js
[0mCompiling "resources/public/js/compiled/app.js" from ["src" "test"]...[0m
[32mSuccessfully compiled "resources/public/js/compiled/app.js" in 0.951 seconds.[0m
notifying browser that file changed:  resources/public/js/compiled/out/cljs_deps.js
notifying browser that file changed:  out/madvas/re_frame/web3_fx.js
[0mCompiling "resources/public/js/compiled/app.js" from ["src" "test"]...[0m
[32mSuccessfully compiled "resources/public/js/compiled/app.js" in 0.84 seconds.[0m
notifying browser that file changed:  resources/public/js/compiled/out/cljs_deps.js
notifying browser that file changed:  out/madvas/re_frame/web3_fx.js
[0mCompiling "resources/public/js/compiled/app.js" from ["src" "test"]...[0m
[32mSuccessfully compiled "resources/public/js/compiled/app.js" in 0.661 seconds.[0m
notifying browser that file changed:  resources/public/js/compiled/out/cljs_deps.js
notifying browser that file changed:  out/madvas/re_frame/tests.js
[0mCompiling "resources/public/js/compiled/app.js" from ["src" "test"]...[0m
[32mSuccessfully compiled "resources/public/js/compiled/app.js" in 0.789 seconds.[0m
notifying browser that file changed:  resources/public/js/compiled/out/cljs_deps.js
notifying browser that file changed:  out/madvas/re_frame/web3_fx.js
[0mCompiling "resources/public/js/compiled/app.js" from ["src" "test"]...[0m
[32mSuccessfully compiled "resources/public/js/compiled/app.js" in 0.807 seconds.[0m
notifying browser that file changed:  resources/public/js/compiled/out/cljs_deps.js
notifying browser that file changed:  out/madvas/re_frame/web3_fx.js
[0mCompiling "resources/public/js/compiled/app.js" from ["src" "test"]...[0m
[32mSuccessfully compiled "resources/public/js/compiled/app.js" in 0.554 seconds.[0m
notifying browser that file changed:  resources/public/js/compiled/out/cljs_deps.js
notifying browser that file changed:  out/madvas/re_frame/tests.js
[0mCompiling "resources/public/js/compiled/app.js" from ["src" "test"]...[0m
[32mSuccessfully compiled "resources/public/js/compiled/app.js" in 0.608 seconds.[0m
notifying browser that file changed:  resources/public/js/compiled/out/cljs_deps.js
notifying browser that file changed:  out/madvas/re_frame/tests.js
[0mCompiling "resources/public/js/compiled/app.js" from ["src" "test"]...[0m
[32mSuccessfully compiled "resources/public/js/compiled/app.js" in 0.697 seconds.[0m
notifying browser that file changed:  resources/public/js/compiled/out/cljs_deps.js
notifying browser that file changed:  out/madvas/re_frame/tests.js
[0mCompiling "resources/public/js/compiled/app.js" from ["src" "test"]...[0m
[32mSuccessfully compiled "resources/public/js/compiled/app.js" in 0.857 seconds.[0m
notifying browser that file changed:  resources/public/js/compiled/out/cljs_deps.js
notifying browser that file changed:  out/madvas/re_frame/tests.js
[0mCompiling "resources/public/js/compiled/app.js" from ["src" "test"]...[0m
[32mSuccessfully compiled "resources/public/js/compiled/app.js" in 0.74 seconds.[0m
notifying browser that file changed:  resources/public/js/compiled/out/cljs_deps.js
notifying browser that file changed:  out/madvas/re_frame/tests.js
[0mCompiling "resources/public/js/compiled/app.js" from ["src" "test"]...[0m
[32mSuccessfully compiled "resources/public/js/compiled/app.js" in 0.843 seconds.[0m
notifying browser that file changed:  resources/public/js/compiled/out/cljs_deps.js
notifying browser that file changed:  out/madvas/re_frame/tests.js
[0mCompiling "resources/public/js/compiled/app.js" from ["src" "test"]...[0m
[32mSuccessfully compiled "resources/public/js/compiled/app.js" in 0.875 seconds.[0m
notifying browser that file changed:  resources/public/js/compiled/out/cljs_deps.js
notifying browser that file changed:  out/madvas/re_frame/tests.js
[0mCompiling "resources/public/js/compiled/app.js" from ["src" "test"]...[0m
[32mSuccessfully compiled "resources/public/js/compiled/app.js" in 0.842 seconds.[0m
notifying browser that file changed:  resources/public/js/compiled/out/cljs_deps.js
notifying browser that file changed:  out/madvas/re_frame/tests.js
[0mCompiling "resources/public/js/compiled/app.js" from ["src" "test"]...[0m
[32mSuccessfully compiled "resources/public/js/compiled/app.js" in 0.949 seconds.[0m
notifying browser that file changed:  resources/public/js/compiled/out/cljs_deps.js
notifying browser that file changed:  out/madvas/re_frame/tests.js
[0mCompiling "resources/public/js/compiled/app.js" from ["src" "test"]...[0m
[32mSuccessfully compiled "resources/public/js/compiled/app.js" in 0.855 seconds.[0m
notifying browser that file changed:  resources/public/js/compiled/out/cljs_deps.js
notifying browser that file changed:  out/madvas/re_frame/tests.js
[0mCompiling "resources/public/js/compiled/app.js" from ["src" "test"]...[0m
[32mSuccessfully compiled "resources/public/js/compiled/app.js" in 0.911 seconds.[0m
notifying browser that file changed:  resources/public/js/compiled/out/cljs_deps.js
notifying browser that file changed:  out/madvas/re_frame/tests.js
[0mCompiling "resources/public/js/compiled/app.js" from ["src" "test"]...[0m
[32mSuccessfully compiled "resources/public/js/compiled/app.js" in 0.821 seconds.[0m
notifying browser that file changed:  resources/public/js/compiled/out/cljs_deps.js
notifying browser that file changed:  out/madvas/re_frame/tests.js
[0mCompiling "resources/public/js/compiled/app.js" from ["src" "test"]...[0m
[32mSuccessfully compiled "resources/public/js/compiled/app.js" in 0.917 seconds.[0m
notifying browser that file changed:  resources/public/js/compiled/out/cljs_deps.js
notifying browser that file changed:  out/madvas/re_frame/tests.js
[0mCompiling "resources/public/js/compiled/app.js" from ["src" "test"]...[0m
[32mSuccessfully compiled "resources/public/js/compiled/app.js" in 1.477 seconds.[0m
notifying browser that file changed:  resources/public/js/compiled/out/cljs_deps.js
notifying browser that file changed:  out/madvas/re_frame/tests.js
[0mCompiling "resources/public/js/compiled/app.js" from ["src" "test"]...[0m
[32mSuccessfully compiled "resources/public/js/compiled/app.js" in 0.979 seconds.[0m
notifying browser that file changed:  resources/public/js/compiled/out/cljs_deps.js
notifying browser that file changed:  out/madvas/re_frame/tests.js
[0mCompiling "resources/public/js/compiled/app.js" from ["src" "test"]...[0m
[32mSuccessfully compiled "resources/public/js/compiled/app.js" in 0.838 seconds.[0m
notifying browser that file changed:  resources/public/js/compiled/out/cljs_deps.js
notifying browser that file changed:  out/madvas/re_frame/tests.js
[0mCompiling "resources/public/js/compiled/app.js" from ["src" "test"]...[0m
[32mSuccessfully compiled "resources/public/js/compiled/app.js" in 0.853 seconds.[0m
notifying browser that file changed:  resources/public/js/compiled/out/cljs_deps.js
notifying browser that file changed:  out/madvas/re_frame/tests.js
[0mCompiling "resources/public/js/compiled/app.js" from ["src" "test"]...[0m
[32mSuccessfully compiled "resources/public/js/compiled/app.js" in 0.843 seconds.[0m
notifying browser that file changed:  resources/public/js/compiled/out/cljs_deps.js
notifying browser that file changed:  out/madvas/re_frame/tests.js
[0mCompiling "resources/public/js/compiled/app.js" from ["src" "test"]...[0m
[32mSuccessfully compiled "resources/public/js/compiled/app.js" in 1.04 seconds.[0m
notifying browser that file changed:  resources/public/js/compiled/out/cljs_deps.js
notifying browser that file changed:  out/madvas/re_frame/tests.js
[0mCompiling "resources/public/js/compiled/app.js" from ["src" "test"]...[0m
[32mSuccessfully compiled "resources/public/js/compiled/app.js" in 0.933 seconds.[0m
notifying browser that file changed:  resources/public/js/compiled/out/cljs_deps.js
notifying browser that file changed:  out/madvas/re_frame/tests.js
[0mCompiling "resources/public/js/compiled/app.js" from ["src" "test"]...[0m
[32mSuccessfully compiled "resources/public/js/compiled/app.js" in 0.913 seconds.[0m
notifying browser that file changed:  resources/public/js/compiled/out/cljs_deps.js
notifying browser that file changed:  out/madvas/re_frame/tests.js
[0mCompiling "resources/public/js/compiled/app.js" from ["src" "test"]...[0m
[32mSuccessfully compiled "resources/public/js/compiled/app.js" in 0.869 seconds.[0m
notifying browser that file changed:  resources/public/js/compiled/out/cljs_deps.js
notifying browser that file changed:  out/madvas/re_frame/tests.js
[0mCompiling "resources/public/js/compiled/app.js" from ["src" "test"]...[0m
[32mSuccessfully compiled "resources/public/js/compiled/app.js" in 0.801 seconds.[0m
notifying browser that file changed:  resources/public/js/compiled/out/cljs_deps.js
notifying browser that file changed:  out/madvas/re_frame/tests.js
[0mCompiling "resources/public/js/compiled/app.js" from ["src" "test"]...[0m
[36m----  Compiler Warning on   test/madvas/re_frame/tests.cljs   line:50  column:14  ----[0m

  [1mUse of undeclared Var madvas.re-frame.tests/abi[0m

  [36m46[0m  [36m(fn [][0m
  [36m47[0m  [36m  {:web3-fx.blockchain/fns[0m
  [36m48[0m  [36m   {:web3 w3[0m
  [36m49[0m  [36m    :fns [[web3-eth/contract-new[0m
  [33m50[0m  [1m           abi[0m
  [0m  [0m  [33m           ^--- Use of undeclared Var madvas.re-frame.tests/abi[0m
  [36m51[0m  [36m           {:data (:code (:test compiled))[0m
  [36m52[0m  [36m            :gas gas-limit[0m
  [36m53[0m  [36m            :from ""}[0m
  [36m54[0m  [36m           :blockchain-contract-created[0m
  [36m55[0m  [36m           :blockchain-contract-create-error]]}}))[0m

[36m----  Compiler Warning : Please see test/madvas/re_frame/tests.cljs  ----[0m
[36m----  Compiler Warning on   test/madvas/re_frame/tests.cljs   line:51  column:35  ----[0m

  [1mUse of undeclared Var madvas.re-frame.tests/compiled[0m

  [36m47[0m  [36m{:web3-fx.blockchain/fns[0m
  [36m48[0m  [36m {:web3 w3[0m
  [36m49[0m  [36m  :fns [[web3-eth/contract-new[0m
  [36m50[0m  [36m         abi[0m
  [33m51[0m  [1m         {:data (:code (:test compiled))[0m
  [0m  [0m  [33m                              ^--- Use of undeclared Var madvas.re-frame.tests/compiled[0m
  [36m52[0m  [36m          :gas gas-limit[0m
  [36m53[0m  [36m          :from ""}[0m
  [36m54[0m  [36m         :blockchain-contract-created[0m
  [36m55[0m  [36m         :blockchain-contract-create-error]]}}))[0m

[36m----  Compiler Warning : Please see test/madvas/re_frame/tests.cljs  ----[0m
[32mSuccessfully compiled "resources/public/js/compiled/app.js" in 1.038 seconds.[0m
notifying browser that file changed:  resources/public/js/compiled/out/cljs_deps.js
notifying browser that file changed:  out/madvas/re_frame/tests.js
[0mCompiling "resources/public/js/compiled/app.js" from ["src" "test"]...[0m
[32mSuccessfully compiled "resources/public/js/compiled/app.js" in 0.813 seconds.[0m
notifying browser that file changed:  resources/public/js/compiled/out/cljs_deps.js
notifying browser that file changed:  out/madvas/re_frame/tests.js
[0mCompiling "resources/public/js/compiled/app.js" from ["src" "test"]...[0m
[32mSuccessfully compiled "resources/public/js/compiled/app.js" in 0.823 seconds.[0m
notifying browser that file changed:  resources/public/js/compiled/out/cljs_deps.js
notifying browser that file changed:  out/madvas/re_frame/tests.js
[0mCompiling "resources/public/js/compiled/app.js" from ["src" "test"]...[0m
[32mSuccessfully compiled "resources/public/js/compiled/app.js" in 0.778 seconds.[0m
notifying browser that file changed:  resources/public/js/compiled/out/cljs_deps.js
notifying browser that file changed:  out/madvas/re_frame/tests.js
[0mCompiling "resources/public/js/compiled/app.js" from ["src" "test"]...[0m
[32mSuccessfully compiled "resources/public/js/compiled/app.js" in 0.809 seconds.[0m
notifying browser that file changed:  resources/public/js/compiled/out/cljs_deps.js
notifying browser that file changed:  out/madvas/re_frame/tests.js
[0mCompiling "resources/public/js/compiled/app.js" from ["src" "test"]...[0m
[32mSuccessfully compiled "resources/public/js/compiled/app.js" in 0.891 seconds.[0m
notifying browser that file changed:  resources/public/js/compiled/out/cljs_deps.js
notifying browser that file changed:  out/madvas/re_frame/tests.js
[0mCompiling "resources/public/js/compiled/app.js" from ["src" "test"]...[0m
[36m----  Compiler Warning on   test/madvas/re_frame/tests.cljs   line:94  column:13  ----[0m

  [1mUse of undeclared Var madvas.re-frame.tests/web3[0m

  [36m90[0m  [36m(reg-event-fx[0m
  [36m91[0m  [36m  :blockchain-filter[0m
  [36m92[0m  [36m  (fn [_ [_ some-param]][0m
  [36m93[0m  [36m    {:web3-fx.blockchain/filter[0m
  [33m94[0m  [1m     {:web3 web3[0m
  [0m  [0m  [33m            ^--- Use of undeclared Var madvas.re-frame.tests/web3[0m
  [36m95[0m  [36m      :db-path [:some :path :to :blockchain-filter][0m
  [36m96[0m  [36m      :blockchain-filter-opts "latest"[0m
  [36m97[0m  [36m      :dispatches [[:block-loaded some-param] :block-load-error]}}))[0m
  [36m98[0m  [36m[0m
  [36m99[0m  [36m(reg-event-fx[0m

[36m----  Compiler Warning : Please see test/madvas/re_frame/tests.cljs  ----[0m
[32mSuccessfully compiled "resources/public/js/compiled/app.js" in 0.807 seconds.[0m
notifying browser that file changed:  resources/public/js/compiled/out/cljs_deps.js
notifying browser that file changed:  out/madvas/re_frame/tests.js
[0mCompiling "resources/public/js/compiled/app.js" from ["src" "test"]...[0m
[32mSuccessfully compiled "resources/public/js/compiled/app.js" in 0.837 seconds.[0m
notifying browser that file changed:  resources/public/js/compiled/out/cljs_deps.js
notifying browser that file changed:  out/madvas/re_frame/tests.js
[0mCompiling "resources/public/js/compiled/app.js" from ["src" "test"]...[0m
[32mSuccessfully compiled "resources/public/js/compiled/app.js" in 0.803 seconds.[0m
notifying browser that file changed:  resources/public/js/compiled/out/cljs_deps.js
notifying browser that file changed:  out/madvas/re_frame/tests.js
[0mCompiling "resources/public/js/compiled/app.js" from ["src" "test"]...[0m
[32mSuccessfully compiled "resources/public/js/compiled/app.js" in 0.765 seconds.[0m
notifying browser that file changed:  resources/public/js/compiled/out/cljs_deps.js
notifying browser that file changed:  out/madvas/re_frame/tests.js
[0mCompiling "resources/public/js/compiled/app.js" from ["src" "test"]...[0m
[32mSuccessfully compiled "resources/public/js/compiled/app.js" in 0.799 seconds.[0m
notifying browser that file changed:  resources/public/js/compiled/out/cljs_deps.js
notifying browser that file changed:  out/madvas/re_frame/tests.js
